<?xml version="1.0" encoding="UTF-8"?>
<!-- Generated by org.testng.reporters.JUnitXMLReporter -->
<testsuite ignored="9" hostname="DESKTOP-QE3CFHF" failures="0" tests="11" name="RegressionTest" time="99.391" errors="0" timestamp="08 May 2021 10:44:34 GMT">
  <testcase classname="com.testScenarios.FreeListing" name="clickFreeListingLink" time="1.46"/>
  <testcase classname="com.testScenarios.CarWashServices" name="clickLocationButton" time="0.117"/>
  <testcase classname="com.testScenarios.FreeListing" name="fillFormValues" time="1.25"/>
  <testcase classname="com.testScenarios.CarWashServices" name="chooseLocation" time="0.518"/>
  <testcase classname="com.testScenarios.FreeListing" name="submitForm" time="3.596"/>
  <testcase classname="com.testScenarios.GymSubMenuItems" name="subItems" time="20.382"/>
  <testcase classname="com.testScenarios.CarWashServices" name="clickSearchTextBox" time="0.364"/>
  <testcase classname="com.testScenarios.CarWashServices" name="enterService" time="0.575"/>
  <testcase classname="com.testScenarios.CarWashServices" name="clickSearchButton" time="3.296"/>
  <testcase classname="com.testScenarios.CarWashServices" name="verifyCarWashingTitle" time="0.341"/>
  <testcase classname="com.testScenarios.CarWashServices" name="getSearchResults" time="19.849"/>
  <testcase classname="com.testScenarios.GymSubMenuItems" name="backToHome" time="0.0">
    <ignored/>
  </testcase> <!-- backToHome -->
  <testcase classname="com.testScenarios.BasicFunctionalityTest" name="navigateToFreeListing" time="0.0">
    <ignored/>
  </testcase> <!-- navigateToFreeListing -->
  <testcase classname="com.testScenarios.BasicFunctionalityTest" name="verifyHomeTitle" time="0.0">
    <ignored/>
  </testcase> <!-- verifyHomeTitle -->
  <testcase classname="com.testScenarios.CarWashServices" name="returnToHomePage" time="0.0">
    <ignored/>
  </testcase> <!-- returnToHomePage -->
  <testcase classname="com.testScenarios.GymSubMenuItems" name="clickFitnessLink" time="0.0">
    <ignored/>
  </testcase> <!-- clickFitnessLink -->
  <testcase classname="com.testScenarios.BasicFunctionalityTest" name="navigateToCustomerCare" time="0.0">
    <ignored/>
  </testcase> <!-- navigateToCustomerCare -->
  <testcase classname="com.testScenarios.CarWashServices" name="verifyHomeTitle" time="0.0">
    <ignored/>
  </testcase> <!-- verifyHomeTitle -->
  <testcase classname="com.testScenarios.GymSubMenuItems" name="clickGymLink" time="0.0">
    <ignored/>
  </testcase> <!-- clickGymLink -->
  <testcase classname="com.testScenarios.BasicFunctionalityTest" name="navigateToSocial" time="0.0">
    <ignored/>
  </testcase> <!-- navigateToSocial -->
</testsuite> <!-- RegressionTest -->
