<?xml version="1.0" encoding="UTF-8"?>
<!-- Generated by org.testng.reporters.JUnitXMLReporter -->
<testsuite ignored="9" hostname="DESKTOP-QE3CFHF" failures="0" tests="11" name="RegressionTest2" time="165.116" errors="0" timestamp="08 May 2021 15:57:21 GMT">
  <testcase classname="com.testScenarios.FreeListing" name="clickFreeListingLink" time="6.232"/>
  <testcase classname="com.testScenarios.CarWashServices" name="clickLocationButton" time="0.11"/>
  <testcase classname="com.testScenarios.FreeListing" name="fillFormValues" time="5.369"/>
  <testcase classname="com.testScenarios.CarWashServices" name="chooseLocation" time="0.731"/>
  <testcase classname="com.testScenarios.FreeListing" name="submitForm" time="4.338"/>
  <testcase classname="com.testScenarios.GymSubMenuItems" name="subItems" time="20.43"/>
  <testcase classname="com.testScenarios.CarWashServices" name="clickSearchTextBox" time="0.344"/>
  <testcase classname="com.testScenarios.CarWashServices" name="enterService" time="0.439"/>
  <testcase classname="com.testScenarios.CarWashServices" name="clickSearchButton" time="3.276"/>
  <testcase classname="com.testScenarios.CarWashServices" name="verifyCarWashingTitle" time="0.403"/>
  <testcase classname="com.testScenarios.CarWashServices" name="getSearchResults" time="19.134"/>
  <testcase classname="com.testScenarios.GymSubMenuItems" name="backToHome" time="0.0">
    <ignored/>
  </testcase> <!-- backToHome -->
  <testcase classname="com.testScenarios.BasicFunctionalityTest" name="navigateToFreeListing" time="0.0">
    <ignored/>
  </testcase> <!-- navigateToFreeListing -->
  <testcase classname="com.testScenarios.BasicFunctionalityTest" name="verifyHomeTitle" time="0.0">
    <ignored/>
  </testcase> <!-- verifyHomeTitle -->
  <testcase classname="com.testScenarios.CarWashServices" name="returnToHomePage" time="0.0">
    <ignored/>
  </testcase> <!-- returnToHomePage -->
  <testcase classname="com.testScenarios.GymSubMenuItems" name="clickFitnessLink" time="0.0">
    <ignored/>
  </testcase> <!-- clickFitnessLink -->
  <testcase classname="com.testScenarios.BasicFunctionalityTest" name="navigateToCustomerCare" time="0.0">
    <ignored/>
  </testcase> <!-- navigateToCustomerCare -->
  <testcase classname="com.testScenarios.CarWashServices" name="verifyHomeTitle" time="0.0">
    <ignored/>
  </testcase> <!-- verifyHomeTitle -->
  <testcase classname="com.testScenarios.GymSubMenuItems" name="clickGymLink" time="0.0">
    <ignored/>
  </testcase> <!-- clickGymLink -->
  <testcase classname="com.testScenarios.BasicFunctionalityTest" name="navigateToSocial" time="0.0">
    <ignored/>
  </testcase> <!-- navigateToSocial -->
</testsuite> <!-- RegressionTest2 -->
