<?xml version="1.0" encoding="UTF-8"?>
<!-- Generated by org.testng.reporters.JUnitXMLReporter -->
<testsuite ignored="0" hostname="DESKTOP-PSPSINS" failures="0" tests="2" name="Default test" time="25.512" errors="0" timestamp="2022-10-26T21:54:54 IST">
  <testcase classname="com.testScenarios.BasicFunctionalityTest" name="verifyHomeTitle" time="0.348"/>
  <testcase classname="com.testScenarios.BasicFunctionalityTest" name="navigateToFreeListing" time="1.647"/>
</testsuite> <!-- Default test -->
