<?xml version="1.0" encoding="UTF-8"?>
<!-- Generated by org.testng.reporters.JUnitXMLReporter -->
<testsuite ignored="9" hostname="DESKTOP-QE3CFHF" failures="0" tests="11" name="RegressionTest1" time="117.316" errors="0" timestamp="2021-05-09T17:21:11 IST">
  <testcase classname="com.testScenarios.CarWashServices" name="clickLocationButton" time="0.27"/>
  <testcase classname="com.testScenarios.CarWashServices" name="chooseLocation" time="0.832"/>
  <testcase classname="com.testScenarios.CarWashServices" name="clickSearchTextBox" time="0.424"/>
  <testcase classname="com.testScenarios.CarWashServices" name="enterService" time="0.764"/>
  <testcase classname="com.testScenarios.CarWashServices" name="clickSearchButton" time="4.896"/>
  <testcase classname="com.testScenarios.CarWashServices" name="verifyCarWashingTitle" time="0.632"/>
  <testcase classname="com.testScenarios.CarWashServices" name="getSearchResults" time="26.697"/>
  <testcase classname="com.testScenarios.FreeListing" name="clickFreeListingLink" time="1.632"/>
  <testcase classname="com.testScenarios.FreeListing" name="fillFormValues" time="4.306"/>
  <testcase classname="com.testScenarios.FreeListing" name="submitForm" time="3.713"/>
  <testcase classname="com.testScenarios.GymSubMenuItems" name="subItems" time="20.45"/>
  <testcase classname="com.testScenarios.BasicFunctionalityTest" name="navigateToFreeListing" time="0.0">
    <ignored/>
  </testcase> <!-- navigateToFreeListing -->
  <testcase classname="com.testScenarios.BasicFunctionalityTest" name="verifyHomeTitle" time="0.0">
    <ignored/>
  </testcase> <!-- verifyHomeTitle -->
  <testcase classname="com.testScenarios.GymSubMenuItems" name="clickGymLink" time="0.0">
    <ignored/>
  </testcase> <!-- clickGymLink -->
  <testcase classname="com.testScenarios.BasicFunctionalityTest" name="navigateToSocial" time="0.0">
    <ignored/>
  </testcase> <!-- navigateToSocial -->
  <testcase classname="com.testScenarios.CarWashServices" name="returnToHomePage" time="0.0">
    <ignored/>
  </testcase> <!-- returnToHomePage -->
  <testcase classname="com.testScenarios.CarWashServices" name="verifyHomeTitle" time="0.0">
    <ignored/>
  </testcase> <!-- verifyHomeTitle -->
  <testcase classname="com.testScenarios.GymSubMenuItems" name="clickFitnessLink" time="0.0">
    <ignored/>
  </testcase> <!-- clickFitnessLink -->
  <testcase classname="com.testScenarios.GymSubMenuItems" name="backToHome" time="0.0">
    <ignored/>
  </testcase> <!-- backToHome -->
  <testcase classname="com.testScenarios.BasicFunctionalityTest" name="navigateToCustomerCare" time="0.0">
    <ignored/>
  </testcase> <!-- navigateToCustomerCare -->
</testsuite> <!-- RegressionTest1 -->
