<?xml version="1.0" encoding="UTF-8"?>
<!-- Generated by org.testng.reporters.JUnitXMLReporter -->
<testsuite ignored="11" hostname="DESKTOP-QE3CFHF" failures="0" tests="9" name="SmokeTest" time="56.017" errors="0" timestamp="2021-05-08T21:00:31 IST">
  <testcase classname="com.testScenarios.BasicFunctionalityTest" name="verifyHomeTitle" time="0.5"/>
  <testcase classname="com.testScenarios.BasicFunctionalityTest" name="navigateToFreeListing" time="4.237"/>
  <testcase classname="com.testScenarios.BasicFunctionalityTest" name="navigateToCustomerCare" time="2.721"/>
  <testcase classname="com.testScenarios.BasicFunctionalityTest" name="navigateToSocial" time="4.339"/>
  <testcase classname="com.testScenarios.CarWashServices" name="verifyHomeTitle" time="0.374"/>
  <testcase classname="com.testScenarios.CarWashServices" name="returnToHomePage" time="0.147"/>
  <testcase classname="com.testScenarios.GymSubMenuItems" name="clickFitnessLink" time="2.433"/>
  <testcase classname="com.testScenarios.GymSubMenuItems" name="clickGymLink" time="1.935"/>
  <testcase classname="com.testScenarios.GymSubMenuItems" name="backToHome" time="2.29"/>
  <testcase classname="com.testScenarios.FreeListing" name="fillFormValues" time="0.0">
    <ignored/>
  </testcase> <!-- fillFormValues -->
  <testcase classname="com.testScenarios.GymSubMenuItems" name="subItems" time="0.0">
    <ignored/>
  </testcase> <!-- subItems -->
  <testcase classname="com.testScenarios.CarWashServices" name="clickSearchTextBox" time="0.0">
    <ignored/>
  </testcase> <!-- clickSearchTextBox -->
  <testcase classname="com.testScenarios.CarWashServices" name="clickSearchButton" time="0.0">
    <ignored/>
  </testcase> <!-- clickSearchButton -->
  <testcase classname="com.testScenarios.FreeListing" name="submitForm" time="0.0">
    <ignored/>
  </testcase> <!-- submitForm -->
  <testcase classname="com.testScenarios.FreeListing" name="clickFreeListingLink" time="0.0">
    <ignored/>
  </testcase> <!-- clickFreeListingLink -->
  <testcase classname="com.testScenarios.CarWashServices" name="clickLocationButton" time="0.0">
    <ignored/>
  </testcase> <!-- clickLocationButton -->
  <testcase classname="com.testScenarios.CarWashServices" name="getSearchResults" time="0.0">
    <ignored/>
  </testcase> <!-- getSearchResults -->
  <testcase classname="com.testScenarios.CarWashServices" name="enterService" time="0.0">
    <ignored/>
  </testcase> <!-- enterService -->
  <testcase classname="com.testScenarios.CarWashServices" name="chooseLocation" time="0.0">
    <ignored/>
  </testcase> <!-- chooseLocation -->
  <testcase classname="com.testScenarios.CarWashServices" name="verifyCarWashingTitle" time="0.0">
    <ignored/>
  </testcase> <!-- verifyCarWashingTitle -->
</testsuite> <!-- SmokeTest -->
