<?xml version="1.0" encoding="UTF-8"?>
<!-- Generated by org.testng.reporters.JUnitXMLReporter -->
<testsuite ignored="0" hostname="DESKTOP-QE3CFHF" failures="0" tests="20" name="Test2" time="173.719" errors="0" timestamp="2021-05-08T20:55:15 IST">
  <testcase classname="com.testScenarios.BasicFunctionalityTest" name="verifyHomeTitle" time="0.334"/>
  <testcase classname="com.testScenarios.BasicFunctionalityTest" name="navigateToFreeListing" time="7.966"/>
  <testcase classname="com.testScenarios.BasicFunctionalityTest" name="navigateToCustomerCare" time="3.72"/>
  <testcase classname="com.testScenarios.BasicFunctionalityTest" name="navigateToSocial" time="11.291"/>
  <testcase classname="com.testScenarios.CarWashServices" name="verifyHomeTitle" time="0.419"/>
  <testcase classname="com.testScenarios.CarWashServices" name="clickLocationButton" time="1.328"/>
  <testcase classname="com.testScenarios.CarWashServices" name="chooseLocation" time="1.611"/>
  <testcase classname="com.testScenarios.CarWashServices" name="clickSearchTextBox" time="0.403"/>
  <testcase classname="com.testScenarios.CarWashServices" name="enterService" time="1.705"/>
  <testcase classname="com.testScenarios.CarWashServices" name="clickSearchButton" time="9.781"/>
  <testcase classname="com.testScenarios.CarWashServices" name="verifyCarWashingTitle" time="0.472"/>
  <testcase classname="com.testScenarios.CarWashServices" name="getSearchResults" time="19.214"/>
  <testcase classname="com.testScenarios.CarWashServices" name="returnToHomePage" time="1.745"/>
  <testcase classname="com.testScenarios.FreeListing" name="clickFreeListingLink" time="1.551"/>
  <testcase classname="com.testScenarios.FreeListing" name="fillFormValues" time="2.823"/>
  <testcase classname="com.testScenarios.FreeListing" name="submitForm" time="4.066"/>
  <testcase classname="com.testScenarios.GymSubMenuItems" name="clickFitnessLink" time="3.436"/>
  <testcase classname="com.testScenarios.GymSubMenuItems" name="clickGymLink" time="2.421"/>
  <testcase classname="com.testScenarios.GymSubMenuItems" name="subItems" time="0.86"/>
  <testcase classname="com.testScenarios.GymSubMenuItems" name="backToHome" time="4.14"/>
</testsuite> <!-- Test2 -->
