<?xml version="1.0" encoding="UTF-8"?>
<!-- Generated by org.testng.reporters.JUnitXMLReporter -->
<testsuite ignored="0" hostname="DESKTOP-QE3CFHF" failures="0" tests="4" name="Test4Edge" time="3.958" errors="0" timestamp="2021-05-26T21:41:25 IST">
  <testcase classname="com.testScenarios.GymSubMenuItems" name="@BeforeClass driverConfig" time="3.646">
    <failure type="org.openqa.selenium.WebDriverException" message="unknown error: cannot determine loading status
from disconnected: unable to send message to renderer
  (Session info: MicrosoftEdge=90.0.818.66)
Build info: version: &amp;apos;3.141.59&amp;apos;, revision: &amp;apos;e82be7d358&amp;apos;, time: &amp;apos;2018-11-14T08:17:03&amp;apos;
System info: host: &amp;apos;DESKTOP-QE3CFHF&amp;apos;, ip: &amp;apos;192.168.1.4&amp;apos;, os.name: &amp;apos;Windows 10&amp;apos;, os.arch: &amp;apos;amd64&amp;apos;, os.version: &amp;apos;10.0&amp;apos;, java.version: &amp;apos;14.0.2&amp;apos;
Driver info: org.openqa.selenium.edge.EdgeDriver
Capabilities {acceptInsecureCerts: false, browserName: msedge, browserVersion: 90.0.818.66, javascriptEnabled: true, ms:edgeOptions: {debuggerAddress: localhost:57253}, msedge: {msedgedriverVersion: 89.0.774.57 (4fe9232d42eb20..., userDataDir: C:\Users\User\AppData\Local...}, networkConnectionEnabled: false, pageLoadStrategy: normal, platform: WINDOWS, platformName: WINDOWS, proxy: Proxy(), setWindowRect: true, strictFileInteractability: false, timeouts: {implicit: 0, pageLoad: 300000, script: 30000}, unhandledPromptBehavior: dismiss and notify, webauthn:extension:largeBlob: true, webauthn:virtualAuthenticators: true}
Session ID: d2d235f9ee85c77ab0d0179ed617bb3a">
      <![CDATA[org.openqa.selenium.WebDriverException: unknown error: cannot determine loading status
from disconnected: unable to send message to renderer
  (Session info: MicrosoftEdge=90.0.818.66)
Build info: version: '3.141.59', revision: 'e82be7d358', time: '2018-11-14T08:17:03'
System info: host: 'DESKTOP-QE3CFHF', ip: '192.168.1.4', os.name: 'Windows 10', os.arch: 'amd64', os.version: '10.0', java.version: '14.0.2'
Driver info: org.openqa.selenium.edge.EdgeDriver
Capabilities {acceptInsecureCerts: false, browserName: msedge, browserVersion: 90.0.818.66, javascriptEnabled: true, ms:edgeOptions: {debuggerAddress: localhost:57253}, msedge: {msedgedriverVersion: 89.0.774.57 (4fe9232d42eb20..., userDataDir: C:\Users\User\AppData\Local...}, networkConnectionEnabled: false, pageLoadStrategy: normal, platform: WINDOWS, platformName: WINDOWS, proxy: Proxy(), setWindowRect: true, strictFileInteractability: false, timeouts: {implicit: 0, pageLoad: 300000, script: 30000}, unhandledPromptBehavior: dismiss and notify, webauthn:extension:largeBlob: true, webauthn:virtualAuthenticators: true}
Session ID: d2d235f9ee85c77ab0d0179ed617bb3a
at org.openqa.selenium.remote.http.W3CHttpResponseCodec.createException(W3CHttpResponseCodec.java:187)
at org.openqa.selenium.remote.http.W3CHttpResponseCodec.decode(W3CHttpResponseCodec.java:122)
at org.openqa.selenium.remote.http.W3CHttpResponseCodec.decode(W3CHttpResponseCodec.java:49)
at org.openqa.selenium.remote.HttpCommandExecutor.execute(HttpCommandExecutor.java:158)
at org.openqa.selenium.remote.service.DriverCommandExecutor.execute(DriverCommandExecutor.java:83)
at org.openqa.selenium.remote.RemoteWebDriver.execute(RemoteWebDriver.java:552)
at org.openqa.selenium.remote.RemoteWebDriver.get(RemoteWebDriver.java:277)
at com.utils.DriverSetup.getWebDriver(DriverSetup.java:39)
at com.testScenarios.GymSubMenuItems.driverConfig(GymSubMenuItems.java:37)
at java.base/java.util.ArrayList.forEach(ArrayList.java:1511)
... Removed 30 stack frames]]>
    </failure>
  </testcase> <!-- @BeforeClass driverConfig -->
  <testcase classname="com.testScenarios.GymSubMenuItems" name="clickFitnessLink" time="0.0">
    <skipped/>
  </testcase> <!-- clickFitnessLink -->
  <testcase classname="com.testScenarios.GymSubMenuItems" name="clickGymLink" time="0.0">
    <skipped/>
  </testcase> <!-- clickGymLink -->
  <testcase classname="com.testScenarios.GymSubMenuItems" name="subItems" time="0.0">
    <skipped/>
  </testcase> <!-- subItems -->
  <testcase classname="com.testScenarios.GymSubMenuItems" name="backToHome" time="0.001">
    <skipped/>
  </testcase> <!-- backToHome -->
</testsuite> <!-- Test4Edge -->
