<?xml version="1.0" encoding="UTF-8"?>
<!-- Generated by org.testng.reporters.JUnitXMLReporter -->
<testsuite ignored="0" hostname="DESKTOP-PSPSINS" failures="0" tests="4" name="Test4Chrome" time="19.802" errors="0" timestamp="2022-04-19T19:11:01 IST">
  <testcase classname="com.testScenarios.GymSubMenuItems" name="clickFitnessLink" time="2.115"/>
  <testcase classname="com.testScenarios.GymSubMenuItems" name="clickGymLink" time="1.072"/>
  <testcase classname="com.testScenarios.GymSubMenuItems" name="subItems" time="1.424"/>
  <testcase classname="com.testScenarios.GymSubMenuItems" name="backToHome" time="2.802"/>
</testsuite> <!-- Test4Chrome -->
