<?xml version="1.0" encoding="UTF-8"?>
<!-- Generated by org.testng.reporters.JUnitXMLReporter -->
<testsuite ignored="0" hostname="DESKTOP-QE3CFHF" failures="0" tests="16" name="Test" time="118.398" errors="0" timestamp="2021-04-28T14:51:54 IST">
  <testcase classname="com.testScenarios.CarWashServices" name="verifyHomeTitle" time="0.056"/>
  <testcase classname="com.testScenarios.CarWashServices" name="clickLocationButton" time="0.355"/>
  <testcase classname="com.testScenarios.CarWashServices" name="chooseLocation" time="1.83"/>
  <testcase classname="com.testScenarios.CarWashServices" name="clickSearchTextBox" time="0.69"/>
  <testcase classname="com.testScenarios.CarWashServices" name="enterService" time="0.817"/>
  <testcase classname="com.testScenarios.CarWashServices" name="clickSearchButton" time="5.442"/>
  <testcase classname="com.testScenarios.CarWashServices" name="verifyCarWashingTitle" time="0.562"/>
  <testcase classname="com.testScenarios.CarWashServices" name="getSearchResults" time="25.76"/>
  <testcase classname="com.testScenarios.CarWashServices" name="returnToHomePage" time="3.154"/>
  <testcase classname="com.testScenarios.FreeListing" name="clickFreeListingLink" time="2.097"/>
  <testcase classname="com.testScenarios.FreeListing" name="fillFormValues" time="7.107"/>
  <testcase classname="com.testScenarios.FreeListing" name="submitForm" time="3.678"/>
  <testcase classname="com.testScenarios.GymSubMenuItems" name="clickFitnessLink" time="4.977"/>
  <testcase classname="com.testScenarios.GymSubMenuItems" name="clickGymLink" time="2.013"/>
  <testcase classname="com.testScenarios.GymSubMenuItems" name="subItems" time="0.368"/>
  <testcase classname="com.testScenarios.GymSubMenuItems" name="backToHome" time="2.664"/>
</testsuite> <!-- Test -->
