<?xml version="1.0" encoding="UTF-8"?>
<!-- Generated by org.testng.reporters.JUnitXMLReporter -->
<testsuite ignored="0" hostname="DESKTOP-QE3CFHF" failures="0" tests="9" name="Test2Edge" time="14.889" errors="0" timestamp="2021-05-27T09:00:08 IST">
  <testcase classname="com.testScenarios.CarWashServices" name="@BeforeClass driverConfig" time="14.623">
    <failure type="org.openqa.selenium.WebDriverException" message="unknown error: cannot determine loading status
from disconnected: received Inspector.detached event
  (Session info: MicrosoftEdge=90.0.818.66)
Build info: version: &amp;apos;3.141.59&amp;apos;, revision: &amp;apos;e82be7d358&amp;apos;, time: &amp;apos;2018-11-14T08:17:03&amp;apos;
System info: host: &amp;apos;DESKTOP-QE3CFHF&amp;apos;, ip: &amp;apos;192.168.1.4&amp;apos;, os.name: &amp;apos;Windows 10&amp;apos;, os.arch: &amp;apos;amd64&amp;apos;, os.version: &amp;apos;10.0&amp;apos;, java.version: &amp;apos;14.0.2&amp;apos;
Driver info: org.openqa.selenium.edge.EdgeDriver
Capabilities {acceptInsecureCerts: false, browserName: msedge, browserVersion: 90.0.818.66, javascriptEnabled: true, ms:edgeOptions: {debuggerAddress: localhost:62054}, msedge: {msedgedriverVersion: 89.0.774.57 (4fe9232d42eb20..., userDataDir: C:\Users\User\AppData\Local...}, networkConnectionEnabled: false, pageLoadStrategy: normal, platform: WINDOWS, platformName: WINDOWS, proxy: Proxy(), setWindowRect: true, strictFileInteractability: false, timeouts: {implicit: 0, pageLoad: 300000, script: 30000}, unhandledPromptBehavior: dismiss and notify, webauthn:extension:largeBlob: true, webauthn:virtualAuthenticators: true}
Session ID: 6e0b641cc940168976027118f0027ed8">
      <![CDATA[org.openqa.selenium.WebDriverException: unknown error: cannot determine loading status
from disconnected: received Inspector.detached event
  (Session info: MicrosoftEdge=90.0.818.66)
Build info: version: '3.141.59', revision: 'e82be7d358', time: '2018-11-14T08:17:03'
System info: host: 'DESKTOP-QE3CFHF', ip: '192.168.1.4', os.name: 'Windows 10', os.arch: 'amd64', os.version: '10.0', java.version: '14.0.2'
Driver info: org.openqa.selenium.edge.EdgeDriver
Capabilities {acceptInsecureCerts: false, browserName: msedge, browserVersion: 90.0.818.66, javascriptEnabled: true, ms:edgeOptions: {debuggerAddress: localhost:62054}, msedge: {msedgedriverVersion: 89.0.774.57 (4fe9232d42eb20..., userDataDir: C:\Users\User\AppData\Local...}, networkConnectionEnabled: false, pageLoadStrategy: normal, platform: WINDOWS, platformName: WINDOWS, proxy: Proxy(), setWindowRect: true, strictFileInteractability: false, timeouts: {implicit: 0, pageLoad: 300000, script: 30000}, unhandledPromptBehavior: dismiss and notify, webauthn:extension:largeBlob: true, webauthn:virtualAuthenticators: true}
Session ID: 6e0b641cc940168976027118f0027ed8
at org.openqa.selenium.remote.http.W3CHttpResponseCodec.createException(W3CHttpResponseCodec.java:187)
at org.openqa.selenium.remote.http.W3CHttpResponseCodec.decode(W3CHttpResponseCodec.java:122)
at org.openqa.selenium.remote.http.W3CHttpResponseCodec.decode(W3CHttpResponseCodec.java:49)
at org.openqa.selenium.remote.HttpCommandExecutor.execute(HttpCommandExecutor.java:158)
at org.openqa.selenium.remote.service.DriverCommandExecutor.execute(DriverCommandExecutor.java:83)
at org.openqa.selenium.remote.RemoteWebDriver.execute(RemoteWebDriver.java:552)
at org.openqa.selenium.remote.RemoteWebDriver.get(RemoteWebDriver.java:277)
at com.utils.DriverSetup.getWebDriver(DriverSetup.java:40)
at com.testScenarios.CarWashServices.driverConfig(CarWashServices.java:39)
at java.base/java.util.ArrayList.forEach(ArrayList.java:1511)
... Removed 30 stack frames]]>
    </failure>
  </testcase> <!-- @BeforeClass driverConfig -->
  <testcase classname="com.testScenarios.CarWashServices" name="verifyHomeTitle" time="0.0">
    <skipped/>
  </testcase> <!-- verifyHomeTitle -->
  <testcase classname="com.testScenarios.CarWashServices" name="clickLocationButton" time="0.0">
    <skipped/>
  </testcase> <!-- clickLocationButton -->
  <testcase classname="com.testScenarios.CarWashServices" name="chooseLocation" time="0.0">
    <skipped/>
  </testcase> <!-- chooseLocation -->
  <testcase classname="com.testScenarios.CarWashServices" name="clickSearchTextBox" time="0.0">
    <skipped/>
  </testcase> <!-- clickSearchTextBox -->
  <testcase classname="com.testScenarios.CarWashServices" name="enterService" time="0.0">
    <skipped/>
  </testcase> <!-- enterService -->
  <testcase classname="com.testScenarios.CarWashServices" name="clickSearchButton" time="0.0">
    <skipped/>
  </testcase> <!-- clickSearchButton -->
  <testcase classname="com.testScenarios.CarWashServices" name="verifyCarWashingTitle" time="0.0">
    <skipped/>
  </testcase> <!-- verifyCarWashingTitle -->
  <testcase classname="com.testScenarios.CarWashServices" name="getSearchResults" time="0.0">
    <skipped/>
  </testcase> <!-- getSearchResults -->
  <testcase classname="com.testScenarios.CarWashServices" name="returnToHomePage" time="0.0">
    <skipped/>
  </testcase> <!-- returnToHomePage -->
</testsuite> <!-- Test2Edge -->
