<?xml version="1.0" encoding="UTF-8"?>
<!-- Generated by org.testng.reporters.JUnitXMLReporter -->
<testsuite ignored="0" hostname="DESKTOP-QE3CFHF" failures="0" tests="20" name="Test1" time="111.879" errors="0" timestamp="2021-05-08T20:52:21 IST">
  <testcase classname="com.testScenarios.BasicFunctionalityTest" name="verifyHomeTitle" time="0.471"/>
  <testcase classname="com.testScenarios.BasicFunctionalityTest" name="navigateToFreeListing" time="6.155"/>
  <testcase classname="com.testScenarios.BasicFunctionalityTest" name="navigateToCustomerCare" time="3.152"/>
  <testcase classname="com.testScenarios.BasicFunctionalityTest" name="navigateToSocial" time="3.23"/>
  <testcase classname="com.testScenarios.CarWashServices" name="verifyHomeTitle" time="0.372"/>
  <testcase classname="com.testScenarios.CarWashServices" name="clickLocationButton" time="0.152"/>
  <testcase classname="com.testScenarios.CarWashServices" name="chooseLocation" time="0.506"/>
  <testcase classname="com.testScenarios.CarWashServices" name="clickSearchTextBox" time="0.359"/>
  <testcase classname="com.testScenarios.CarWashServices" name="enterService" time="0.557"/>
  <testcase classname="com.testScenarios.CarWashServices" name="clickSearchButton" time="2.852"/>
  <testcase classname="com.testScenarios.CarWashServices" name="verifyCarWashingTitle" time="0.317"/>
  <testcase classname="com.testScenarios.CarWashServices" name="getSearchResults" time="23.888"/>
  <testcase classname="com.testScenarios.CarWashServices" name="returnToHomePage" time="1.862"/>
  <testcase classname="com.testScenarios.FreeListing" name="clickFreeListingLink" time="2.097"/>
  <testcase classname="com.testScenarios.FreeListing" name="fillFormValues" time="2.296"/>
  <testcase classname="com.testScenarios.FreeListing" name="submitForm" time="3.575"/>
  <testcase classname="com.testScenarios.GymSubMenuItems" name="clickFitnessLink" time="2.183"/>
  <testcase classname="com.testScenarios.GymSubMenuItems" name="clickGymLink" time="1.854"/>
  <testcase classname="com.testScenarios.GymSubMenuItems" name="subItems" time="1.063"/>
  <testcase classname="com.testScenarios.GymSubMenuItems" name="backToHome" time="2.517"/>
</testsuite> <!-- Test1 -->
