<?xml version="1.0" encoding="UTF-8"?>
<!-- Generated by org.testng.reporters.JUnitXMLReporter -->
<testsuite ignored="0" hostname="DESKTOP-QE3CFHF" failures="0" tests="4" name="Test1Edge" time="37.825" errors="0" timestamp="2021-05-27T08:59:53 IST">
  <testcase classname="com.testScenarios.BasicFunctionalityTest" name="@BeforeClass driverConfig" time="37.708">
    <failure type="org.openqa.selenium.SessionNotCreatedException" message="session not created
from chrome not reachable
  (Session info: MicrosoftEdge=90.0.818.66)
Build info: version: &amp;apos;3.141.59&amp;apos;, revision: &amp;apos;e82be7d358&amp;apos;, time: &amp;apos;2018-11-14T08:17:03&amp;apos;
System info: host: &amp;apos;DESKTOP-QE3CFHF&amp;apos;, ip: &amp;apos;192.168.1.4&amp;apos;, os.name: &amp;apos;Windows 10&amp;apos;, os.arch: &amp;apos;amd64&amp;apos;, os.version: &amp;apos;10.0&amp;apos;, java.version: &amp;apos;14.0.2&amp;apos;
Driver info: driver.version: EdgeDriver
remote stacktrace: Backtrace:
	Ordinal0 [0x00007FF668D598D2+170194]
	GetHandleVerifier [0x00007FF6694BC062+2218418]
	GetHandleVerifier [0x00007FF6694B037C+2170060]
	GetHandleVerifier [0x00007FF6694B0905+2171477]
	GetHandleVerifier [0x00007FF6694B1BE9+2176313]
	GetHandleVerifier [0x00007FF6694ABFA7+2152695]
	GetHandleVerifier [0x00007FF66950C3E2+2546994]
	GetHandleVerifier [0x00007FF6695072AF+2526207]
	GetHandleVerifier [0x00007FF6694E4EDA+2385962]
	GetHandleVerifier [0x00007FF6694E5B1B+2389099]
	Ordinal0 [0x00007FF668D738C1+276673]
	GetHandleVerifier [0x00007FF669587020+3049840]
	GetHandleVerifier [0x00007FF669589D3E+3061390]
	GetHandleVerifier [0x00007FF6695878A8+3052024]
	Ordinal0 [0x00007FF668EC3410+1651728]
	Ordinal0 [0x00007FF668EC1C58+1645656]
	Ordinal0 [0x00007FF668EA3770+1521520]
	BaseThreadInitThunk [0x00007FFD21517034+20]
	RtlUserThreadStart [0x00007FFD22CA2651+33]
">
      <![CDATA[org.openqa.selenium.SessionNotCreatedException: session not created
from chrome not reachable
  (Session info: MicrosoftEdge=90.0.818.66)
Build info: version: '3.141.59', revision: 'e82be7d358', time: '2018-11-14T08:17:03'
System info: host: 'DESKTOP-QE3CFHF', ip: '192.168.1.4', os.name: 'Windows 10', os.arch: 'amd64', os.version: '10.0', java.version: '14.0.2'
Driver info: driver.version: EdgeDriver
remote stacktrace: Backtrace:
Ordinal0 [0x00007FF668D598D2+170194]
GetHandleVerifier [0x00007FF6694BC062+2218418]
GetHandleVerifier [0x00007FF6694B037C+2170060]
GetHandleVerifier [0x00007FF6694B0905+2171477]
GetHandleVerifier [0x00007FF6694B1BE9+2176313]
GetHandleVerifier [0x00007FF6694ABFA7+2152695]
GetHandleVerifier [0x00007FF66950C3E2+2546994]
GetHandleVerifier [0x00007FF6695072AF+2526207]
GetHandleVerifier [0x00007FF6694E4EDA+2385962]
GetHandleVerifier [0x00007FF6694E5B1B+2389099]
Ordinal0 [0x00007FF668D738C1+276673]
GetHandleVerifier [0x00007FF669587020+3049840]
GetHandleVerifier [0x00007FF669589D3E+3061390]
GetHandleVerifier [0x00007FF6695878A8+3052024]
Ordinal0 [0x00007FF668EC3410+1651728]
Ordinal0 [0x00007FF668EC1C58+1645656]
Ordinal0 [0x00007FF668EA3770+1521520]
BaseThreadInitThunk [0x00007FFD21517034+20]
RtlUserThreadStart [0x00007FFD22CA2651+33]

at org.openqa.selenium.remote.W3CHandshakeResponse.lambda$errorHandler$0(W3CHandshakeResponse.java:62)
at org.openqa.selenium.remote.HandshakeResponse.lambda$getResponseFunction$0(HandshakeResponse.java:30)
at org.openqa.selenium.remote.ProtocolHandshake.lambda$createSession$0(ProtocolHandshake.java:126)
at java.base/java.util.stream.ReferencePipeline$3$1.accept(ReferencePipeline.java:195)
at java.base/java.util.Spliterators$ArraySpliterator.tryAdvance(Spliterators.java:958)
at java.base/java.util.stream.ReferencePipeline.forEachWithCancel(ReferencePipeline.java:127)
at java.base/java.util.stream.AbstractPipeline.copyIntoWithCancel(AbstractPipeline.java:502)
at java.base/java.util.stream.AbstractPipeline.copyInto(AbstractPipeline.java:488)
at java.base/java.util.stream.AbstractPipeline.wrapAndCopyInto(AbstractPipeline.java:474)
at java.base/java.util.stream.FindOps$FindOp.evaluateSequential(FindOps.java:150)
at java.base/java.util.stream.AbstractPipeline.evaluate(AbstractPipeline.java:234)
at java.base/java.util.stream.ReferencePipeline.findFirst(ReferencePipeline.java:543)
at org.openqa.selenium.remote.ProtocolHandshake.createSession(ProtocolHandshake.java:128)
at org.openqa.selenium.remote.ProtocolHandshake.createSession(ProtocolHandshake.java:74)
at org.openqa.selenium.remote.HttpCommandExecutor.execute(HttpCommandExecutor.java:136)
at org.openqa.selenium.remote.service.DriverCommandExecutor.execute(DriverCommandExecutor.java:83)
at org.openqa.selenium.remote.RemoteWebDriver.execute(RemoteWebDriver.java:552)
at org.openqa.selenium.remote.RemoteWebDriver.startSession(RemoteWebDriver.java:213)
at org.openqa.selenium.remote.RemoteWebDriver.<init>(RemoteWebDriver.java:131)
at org.openqa.selenium.edge.EdgeDriver.<init>(EdgeDriver.java:141)
at org.openqa.selenium.edge.EdgeDriver.<init>(EdgeDriver.java:96)
at com.utils.DriverSetup.setEdgeDriver(DriverSetup.java:64)
at com.utils.DriverSetup.getWebDriver(DriverSetup.java:30)
at com.testScenarios.BasicFunctionalityTest.driverConfig(BasicFunctionalityTest.java:38)
at java.base/java.util.ArrayList.forEach(ArrayList.java:1511)
... Removed 30 stack frames]]>
    </failure>
  </testcase> <!-- @BeforeClass driverConfig -->
  <testcase classname="com.testScenarios.BasicFunctionalityTest" name="verifyHomeTitle" time="0.0">
    <skipped/>
  </testcase> <!-- verifyHomeTitle -->
  <testcase classname="com.testScenarios.BasicFunctionalityTest" name="navigateToFreeListing" time="0.0">
    <skipped/>
  </testcase> <!-- navigateToFreeListing -->
  <testcase classname="com.testScenarios.BasicFunctionalityTest" name="navigateToCustomerCare" time="0.0">
    <skipped/>
  </testcase> <!-- navigateToCustomerCare -->
  <testcase classname="com.testScenarios.BasicFunctionalityTest" name="navigateToSocial" time="0.0">
    <skipped/>
  </testcase> <!-- navigateToSocial -->
</testsuite> <!-- Test1Edge -->
