<?xml version="1.0" encoding="UTF-8"?>
<!-- Generated by org.testng.reporters.JUnitXMLReporter -->
<testsuite ignored="0" hostname="DESKTOP-QE3CFHF" failures="0" tests="3" name="Test3" time="22.781" errors="0" timestamp="2021-05-08T20:47:37 IST">
  <testcase classname="com.testScenarios.FreeListing" name="clickFreeListingLink" time="3.307"/>
  <testcase classname="com.testScenarios.FreeListing" name="fillFormValues" time="2.686"/>
  <testcase classname="com.testScenarios.FreeListing" name="submitForm" time="3.726"/>
</testsuite> <!-- Test3 -->
