<?xml version="1.0" encoding="UTF-8"?>
<!-- Generated by org.testng.reporters.JUnitXMLReporter -->
<testsuite ignored="0" hostname="DESKTOP-PSPSINS" failures="0" tests="9" name="Test2Chrome" time="44.691" errors="0" timestamp="2022-04-19T19:10:18 IST">
  <testcase classname="com.testScenarios.CarWashServices" name="verifyHomeTitle" time="0.254"/>
  <testcase classname="com.testScenarios.CarWashServices" name="clickLocationButton" time="0.109"/>
  <testcase classname="com.testScenarios.CarWashServices" name="chooseLocation" time="0.485"/>
  <testcase classname="com.testScenarios.CarWashServices" name="clickSearchTextBox" time="0.236"/>
  <testcase classname="com.testScenarios.CarWashServices" name="enterService" time="0.34"/>
  <testcase classname="com.testScenarios.CarWashServices" name="clickSearchButton" time="4.592"/>
  <testcase classname="com.testScenarios.CarWashServices" name="verifyCarWashingTitle" time="0.264"/>
  <testcase classname="com.testScenarios.CarWashServices" name="getSearchResults" time="9.93"/>
  <testcase classname="com.testScenarios.CarWashServices" name="returnToHomePage" time="17.256"/>
</testsuite> <!-- Test2Chrome -->
