<?xml version="1.0" encoding="UTF-8"?>
<!-- Generated by org.testng.reporters.JUnitXMLReporter -->
<testsuite ignored="0" hostname="DESKTOP-QE3CFHF" failures="0" tests="4" name="Test4" time="20.985" errors="0" timestamp="2021-05-08T20:47:58 IST">
  <testcase classname="com.testScenarios.GymSubMenuItems" name="clickFitnessLink" time="2.106"/>
  <testcase classname="com.testScenarios.GymSubMenuItems" name="clickGymLink" time="1.933"/>
  <testcase classname="com.testScenarios.GymSubMenuItems" name="subItems" time="1.496"/>
  <testcase classname="com.testScenarios.GymSubMenuItems" name="backToHome" time="2.299"/>
</testsuite> <!-- Test4 -->
