<?xml version="1.0" encoding="UTF-8"?>
<!-- Generated by org.testng.reporters.JUnitXMLReporter -->
<testsuite ignored="0" hostname="DESKTOP-PSPSINS" failures="0" tests="3" name="Test3Chrome" time="22.867" errors="0" timestamp="2022-04-19T19:10:41 IST">
  <testcase classname="com.testScenarios.FreeListing" name="clickFreeListingLink" time="3.642"/>
  <testcase classname="com.testScenarios.FreeListing" name="fillFormValues" time="1.432"/>
  <testcase classname="com.testScenarios.FreeListing" name="submitForm" time="3.349"/>
</testsuite> <!-- Test3Chrome -->
