<?xml version="1.0" encoding="UTF-8"?>
<!-- Generated by org.testng.reporters.JUnitXMLReporter -->
<testsuite ignored="0" hostname="DESKTOP-QE3CFHF" failures="0" tests="3" name="Test3Chrome" time="28.506" errors="0" timestamp="2021-05-27T21:34:54 IST">
  <testcase classname="com.testScenarios.FreeListing" name="clickFreeListingLink" time="3.625"/>
  <testcase classname="com.testScenarios.FreeListing" name="fillFormValues" time="3.163"/>
  <testcase classname="com.testScenarios.FreeListing" name="submitForm" time="3.879"/>
</testsuite> <!-- Test3Chrome -->
