<?xml version="1.0" encoding="UTF-8"?>
<!-- Generated by org.testng.reporters.JUnitXMLReporter -->
<testsuite ignored="0" hostname="DESKTOP-QE3CFHF" failures="0" tests="20" name="Test1" time="161.313" errors="0" timestamp="08 May 2021 15:43:37 GMT">
  <testcase classname="com.testScenarios.BasicFunctionalityTest" name="verifyHomeTitle" time="0.521"/>
  <testcase classname="com.testScenarios.CarWashServices" name="verifyHomeTitle" time="0.399"/>
  <testcase classname="com.testScenarios.FreeListing" name="clickFreeListingLink" time="4.964"/>
  <testcase classname="com.testScenarios.GymSubMenuItems" name="clickFitnessLink" time="4.547"/>
  <testcase classname="com.testScenarios.BasicFunctionalityTest" name="navigateToFreeListing" time="5.73"/>
  <testcase classname="com.testScenarios.CarWashServices" name="clickLocationButton" time="0.413"/>
  <testcase classname="com.testScenarios.FreeListing" name="fillFormValues" time="7.588"/>
  <testcase classname="com.testScenarios.GymSubMenuItems" name="clickGymLink" time="2.591"/>
  <testcase classname="com.testScenarios.BasicFunctionalityTest" name="navigateToCustomerCare" time="5.47"/>
  <testcase classname="com.testScenarios.CarWashServices" name="chooseLocation" time="1.431"/>
  <testcase classname="com.testScenarios.FreeListing" name="submitForm" time="4.434"/>
  <testcase classname="com.testScenarios.GymSubMenuItems" name="subItems" time="3.615"/>
  <testcase classname="com.testScenarios.BasicFunctionalityTest" name="navigateToSocial" time="4.689"/>
  <testcase classname="com.testScenarios.GymSubMenuItems" name="backToHome" time="2.473"/>
  <testcase classname="com.testScenarios.CarWashServices" name="clickSearchTextBox" time="0.451"/>
  <testcase classname="com.testScenarios.CarWashServices" name="enterService" time="0.507"/>
  <testcase classname="com.testScenarios.CarWashServices" name="clickSearchButton" time="3.289"/>
  <testcase classname="com.testScenarios.CarWashServices" name="verifyCarWashingTitle" time="0.401"/>
  <testcase classname="com.testScenarios.CarWashServices" name="getSearchResults" time="20.222"/>
  <testcase classname="com.testScenarios.CarWashServices" name="returnToHomePage" time="1.566"/>
</testsuite> <!-- Test1 -->
