<?xml version="1.0" encoding="UTF-8"?>
<!-- Generated by org.testng.reporters.JUnitXMLReporter -->
<testsuite ignored="0" hostname="DESKTOP-QE3CFHF" failures="0" tests="20" name="Test2" time="280.226" errors="0" timestamp="08 May 2021 15:48:17 GMT">
  <testcase classname="com.testScenarios.BasicFunctionalityTest" name="verifyHomeTitle" time="1.463"/>
  <testcase classname="com.testScenarios.CarWashServices" name="verifyHomeTitle" time="1.099"/>
  <testcase classname="com.testScenarios.FreeListing" name="clickFreeListingLink" time="27.538"/>
  <testcase classname="com.testScenarios.GymSubMenuItems" name="clickFitnessLink" time="14.881"/>
  <testcase classname="com.testScenarios.BasicFunctionalityTest" name="navigateToFreeListing" time="7.097"/>
  <testcase classname="com.testScenarios.CarWashServices" name="clickLocationButton" time="0.226"/>
  <testcase classname="com.testScenarios.FreeListing" name="fillFormValues" time="1.33"/>
  <testcase classname="com.testScenarios.GymSubMenuItems" name="clickGymLink" time="3.054"/>
  <testcase classname="com.testScenarios.BasicFunctionalityTest" name="navigateToCustomerCare" time="4.229"/>
  <testcase classname="com.testScenarios.CarWashServices" name="chooseLocation" time="0.813"/>
  <testcase classname="com.testScenarios.FreeListing" name="submitForm" time="4.14"/>
  <testcase classname="com.testScenarios.GymSubMenuItems" name="subItems" time="1.266"/>
  <testcase classname="com.testScenarios.BasicFunctionalityTest" name="navigateToSocial" time="5.35"/>
  <testcase classname="com.testScenarios.GymSubMenuItems" name="backToHome" time="10.866"/>
  <testcase classname="com.testScenarios.CarWashServices" name="clickSearchTextBox" time="0.44"/>
  <testcase classname="com.testScenarios.CarWashServices" name="enterService" time="0.566"/>
  <testcase classname="com.testScenarios.CarWashServices" name="clickSearchButton" time="3.789"/>
  <testcase classname="com.testScenarios.CarWashServices" name="verifyCarWashingTitle" time="0.548"/>
  <testcase classname="com.testScenarios.CarWashServices" name="getSearchResults" time="19.021"/>
  <testcase classname="com.testScenarios.CarWashServices" name="returnToHomePage" time="1.843"/>
</testsuite> <!-- Test2 -->
