<?xml version="1.0" encoding="UTF-8"?>
<!-- Generated by org.testng.reporters.JUnitXMLReporter -->
<testsuite ignored="0" hostname="DESKTOP-QE3CFHF" failures="0" tests="4" name="Test4Chrome" time="29.646" errors="0" timestamp="2021-05-27T21:35:24 IST">
  <testcase classname="com.testScenarios.GymSubMenuItems" name="clickFitnessLink" time="3.405"/>
  <testcase classname="com.testScenarios.GymSubMenuItems" name="clickGymLink" time="2.591"/>
  <testcase classname="com.testScenarios.GymSubMenuItems" name="subItems" time="1.766"/>
  <testcase classname="com.testScenarios.GymSubMenuItems" name="backToHome" time="4.518"/>
</testsuite> <!-- Test4Chrome -->
