<?xml version="1.0" encoding="UTF-8"?>
<!-- Generated by org.testng.reporters.JUnitXMLReporter -->
<testsuite ignored="0" hostname="DESKTOP-QE3CFHF" failures="0" tests="9" name="Test2Chrome" time="58.844" errors="0" timestamp="2021-05-27T21:34:26 IST">
  <testcase classname="com.testScenarios.CarWashServices" name="verifyHomeTitle" time="0.587"/>
  <testcase classname="com.testScenarios.CarWashServices" name="clickLocationButton" time="0.239"/>
  <testcase classname="com.testScenarios.CarWashServices" name="chooseLocation" time="0.931"/>
  <testcase classname="com.testScenarios.CarWashServices" name="clickSearchTextBox" time="0.566"/>
  <testcase classname="com.testScenarios.CarWashServices" name="enterService" time="1.033"/>
  <testcase classname="com.testScenarios.CarWashServices" name="clickSearchButton" time="5.504"/>
  <testcase classname="com.testScenarios.CarWashServices" name="verifyCarWashingTitle" time="1.665"/>
  <testcase classname="com.testScenarios.CarWashServices" name="getSearchResults" time="29.267"/>
  <testcase classname="com.testScenarios.CarWashServices" name="returnToHomePage" time="3.551"/>
</testsuite> <!-- Test2Chrome -->
