<?xml version="1.0" encoding="UTF-8"?>
<!-- Generated by org.testng.reporters.JUnitXMLReporter -->
<testsuite ignored="0" hostname="DESKTOP-QE3CFHF" failures="0" tests="4" name="Test4" time="20.78" errors="0" timestamp="08 May 2021 10:50:51 GMT">
  <testcase classname="com.testScenarios.GymSubMenuItems" name="clickFitnessLink" time="2.994"/>
  <testcase classname="com.testScenarios.GymSubMenuItems" name="clickGymLink" time="1.796"/>
  <testcase classname="com.testScenarios.GymSubMenuItems" name="subItems" time="1.227"/>
  <testcase classname="com.testScenarios.GymSubMenuItems" name="backToHome" time="2.78"/>
</testsuite> <!-- Test4 -->
