<?xml version="1.0" encoding="UTF-8"?>
<!-- Generated by org.testng.reporters.JUnitXMLReporter -->
<testsuite ignored="0" hostname="DESKTOP-QE3CFHF" failures="0" tests="3" name="Test3" time="18.363" errors="0" timestamp="08 May 2021 10:50:31 GMT">
  <testcase classname="com.testScenarios.FreeListing" name="clickFreeListingLink" time="1.513"/>
  <testcase classname="com.testScenarios.FreeListing" name="fillFormValues" time="1.989"/>
  <testcase classname="com.testScenarios.FreeListing" name="submitForm" time="3.709"/>
</testsuite> <!-- Test3 -->
