<?xml version="1.0" encoding="UTF-8"?>
<!-- Generated by org.testng.reporters.JUnitXMLReporter -->
<testsuite ignored="0" hostname="DESKTOP-QE3CFHF" failures="0" tests="4" name="Test1Chrome" time="42.22" errors="0" timestamp="2021-05-27T21:33:27 IST">
  <testcase classname="com.testScenarios.BasicFunctionalityTest" name="verifyHomeTitle" time="0.76"/>
  <testcase classname="com.testScenarios.BasicFunctionalityTest" name="navigateToFreeListing" time="6.132"/>
  <testcase classname="com.testScenarios.BasicFunctionalityTest" name="navigateToCustomerCare" time="6.426"/>
  <testcase classname="com.testScenarios.BasicFunctionalityTest" name="navigateToSocial" time="7.037"/>
</testsuite> <!-- Test1Chrome -->
