<?xml version="1.0" encoding="UTF-8"?>
<testng-results ignored="0" total="20" passed="20" failed="0" skipped="0">
  <reporter-output>
  </reporter-output>
  <suite started-at="2021-05-27T21:32:45 IST" name="Suite" finished-at="2021-05-27T21:35:24 IST" duration-ms="159294">
    <groups>
      <group name="Regression">
        <method signature="CarWashServices.chooseLocation()[pri:2, instance:com.testScenarios.CarWashServices@48e4374]" name="chooseLocation" class="com.testScenarios.CarWashServices"/>
        <method signature="CarWashServices.clickLocationButton()[pri:1, instance:com.testScenarios.CarWashServices@48e4374]" name="clickLocationButton" class="com.testScenarios.CarWashServices"/>
        <method signature="CarWashServices.clickSearchButton()[pri:5, instance:com.testScenarios.CarWashServices@48e4374]" name="clickSearchButton" class="com.testScenarios.CarWashServices"/>
        <method signature="CarWashServices.clickSearchTextBox()[pri:3, instance:com.testScenarios.CarWashServices@48e4374]" name="clickSearchTextBox" class="com.testScenarios.CarWashServices"/>
        <method signature="CarWashServices.enterService()[pri:4, instance:com.testScenarios.CarWashServices@48e4374]" name="enterService" class="com.testScenarios.CarWashServices"/>
        <method signature="CarWashServices.getSearchResults()[pri:7, instance:com.testScenarios.CarWashServices@48e4374]" name="getSearchResults" class="com.testScenarios.CarWashServices"/>
        <method signature="CarWashServices.verifyCarWashingTitle()[pri:6, instance:com.testScenarios.CarWashServices@48e4374]" name="verifyCarWashingTitle" class="com.testScenarios.CarWashServices"/>
        <method signature="FreeListing.clickFreeListingLink()[pri:0, instance:com.testScenarios.FreeListing@3c130745]" name="clickFreeListingLink" class="com.testScenarios.FreeListing"/>
        <method signature="FreeListing.fillFormValues()[pri:1, instance:com.testScenarios.FreeListing@3c130745]" name="fillFormValues" class="com.testScenarios.FreeListing"/>
        <method signature="FreeListing.submitForm()[pri:2, instance:com.testScenarios.FreeListing@3c130745]" name="submitForm" class="com.testScenarios.FreeListing"/>
        <method signature="GymSubMenuItems.subItems()[pri:2, instance:com.testScenarios.GymSubMenuItems@72a7c7e0]" name="subItems" class="com.testScenarios.GymSubMenuItems"/>
      </group> <!-- Regression -->
      <group name="Smoke">
        <method signature="BasicFunctionalityTest.navigateToCustomerCare()[pri:2, instance:com.testScenarios.BasicFunctionalityTest@d4342c2]" name="navigateToCustomerCare" class="com.testScenarios.BasicFunctionalityTest"/>
        <method signature="BasicFunctionalityTest.navigateToFreeListing()[pri:1, instance:com.testScenarios.BasicFunctionalityTest@d4342c2]" name="navigateToFreeListing" class="com.testScenarios.BasicFunctionalityTest"/>
        <method signature="BasicFunctionalityTest.navigateToSocial()[pri:3, instance:com.testScenarios.BasicFunctionalityTest@d4342c2]" name="navigateToSocial" class="com.testScenarios.BasicFunctionalityTest"/>
        <method signature="BasicFunctionalityTest.verifyHomeTitle()[pri:0, instance:com.testScenarios.BasicFunctionalityTest@d4342c2]" name="verifyHomeTitle" class="com.testScenarios.BasicFunctionalityTest"/>
        <method signature="CarWashServices.returnToHomePage()[pri:8, instance:com.testScenarios.CarWashServices@48e4374]" name="returnToHomePage" class="com.testScenarios.CarWashServices"/>
        <method signature="CarWashServices.verifyHomeTitle()[pri:0, instance:com.testScenarios.CarWashServices@48e4374]" name="verifyHomeTitle" class="com.testScenarios.CarWashServices"/>
        <method signature="GymSubMenuItems.backToHome()[pri:3, instance:com.testScenarios.GymSubMenuItems@72a7c7e0]" name="backToHome" class="com.testScenarios.GymSubMenuItems"/>
        <method signature="GymSubMenuItems.clickFitnessLink()[pri:0, instance:com.testScenarios.GymSubMenuItems@72a7c7e0]" name="clickFitnessLink" class="com.testScenarios.GymSubMenuItems"/>
        <method signature="GymSubMenuItems.clickGymLink()[pri:1, instance:com.testScenarios.GymSubMenuItems@72a7c7e0]" name="clickGymLink" class="com.testScenarios.GymSubMenuItems"/>
      </group> <!-- Smoke -->
    </groups>
    <test started-at="2021-05-27T21:32:45 IST" name="Test1Chrome" finished-at="2021-05-27T21:33:27 IST" duration-ms="42220">
      <class name="com.testScenarios.BasicFunctionalityTest">
        <test-method is-config="true" signature="driverConfig()[pri:0, instance:com.testScenarios.BasicFunctionalityTest@d4342c2]" started-at="2021-05-27T21:32:45 IST" name="driverConfig" finished-at="2021-05-27T21:33:03 IST" duration-ms="18782" status="PASS">
          <reporter-output>
          </reporter-output>
        </test-method> <!-- driverConfig -->
        <test-method signature="verifyHomeTitle()[pri:0, instance:com.testScenarios.BasicFunctionalityTest@d4342c2]" started-at="2021-05-27T21:33:03 IST" name="verifyHomeTitle" finished-at="2021-05-27T21:33:04 IST" duration-ms="760" status="PASS">
          <reporter-output>
          </reporter-output>
        </test-method> <!-- verifyHomeTitle -->
        <test-method signature="navigateToFreeListing()[pri:1, instance:com.testScenarios.BasicFunctionalityTest@d4342c2]" started-at="2021-05-27T21:33:04 IST" name="navigateToFreeListing" finished-at="2021-05-27T21:33:10 IST" duration-ms="6132" status="PASS">
          <reporter-output>
          </reporter-output>
        </test-method> <!-- navigateToFreeListing -->
        <test-method signature="navigateToCustomerCare()[pri:2, instance:com.testScenarios.BasicFunctionalityTest@d4342c2]" started-at="2021-05-27T21:33:10 IST" name="navigateToCustomerCare" finished-at="2021-05-27T21:33:17 IST" duration-ms="6426" status="PASS">
          <reporter-output>
          </reporter-output>
        </test-method> <!-- navigateToCustomerCare -->
        <test-method signature="navigateToSocial()[pri:3, instance:com.testScenarios.BasicFunctionalityTest@d4342c2]" started-at="2021-05-27T21:33:17 IST" name="navigateToSocial" finished-at="2021-05-27T21:33:24 IST" duration-ms="7037" status="PASS">
          <reporter-output>
          </reporter-output>
        </test-method> <!-- navigateToSocial -->
        <test-method is-config="true" signature="tearDown()[pri:0, instance:com.testScenarios.BasicFunctionalityTest@d4342c2]" started-at="2021-05-27T21:33:24 IST" name="tearDown" finished-at="2021-05-27T21:33:27 IST" duration-ms="2952" status="PASS">
          <reporter-output>
          </reporter-output>
        </test-method> <!-- tearDown -->
      </class> <!-- com.testScenarios.BasicFunctionalityTest -->
    </test> <!-- Test1Chrome -->
    <test started-at="2021-05-27T21:33:27 IST" name="Test2Chrome" finished-at="2021-05-27T21:34:26 IST" duration-ms="58844">
      <class name="com.testScenarios.CarWashServices">
        <test-method is-config="true" signature="driverConfig()[pri:0, instance:com.testScenarios.CarWashServices@48e4374]" started-at="2021-05-27T21:33:27 IST" name="driverConfig" finished-at="2021-05-27T21:33:41 IST" duration-ms="13813" status="PASS">
          <reporter-output>
          </reporter-output>
        </test-method> <!-- driverConfig -->
        <test-method signature="verifyHomeTitle()[pri:0, instance:com.testScenarios.CarWashServices@48e4374]" started-at="2021-05-27T21:33:41 IST" name="verifyHomeTitle" finished-at="2021-05-27T21:33:41 IST" duration-ms="587" status="PASS">
          <reporter-output>
          </reporter-output>
        </test-method> <!-- verifyHomeTitle -->
        <test-method signature="clickLocationButton()[pri:1, instance:com.testScenarios.CarWashServices@48e4374]" started-at="2021-05-27T21:33:41 IST" name="clickLocationButton" finished-at="2021-05-27T21:33:41 IST" duration-ms="239" status="PASS">
          <reporter-output>
          </reporter-output>
        </test-method> <!-- clickLocationButton -->
        <test-method signature="chooseLocation()[pri:2, instance:com.testScenarios.CarWashServices@48e4374]" started-at="2021-05-27T21:33:41 IST" name="chooseLocation" finished-at="2021-05-27T21:33:42 IST" duration-ms="931" status="PASS">
          <reporter-output>
          </reporter-output>
        </test-method> <!-- chooseLocation -->
        <test-method signature="clickSearchTextBox()[pri:3, instance:com.testScenarios.CarWashServices@48e4374]" started-at="2021-05-27T21:33:42 IST" name="clickSearchTextBox" finished-at="2021-05-27T21:33:43 IST" duration-ms="566" status="PASS">
          <reporter-output>
          </reporter-output>
        </test-method> <!-- clickSearchTextBox -->
        <test-method signature="enterService()[pri:4, instance:com.testScenarios.CarWashServices@48e4374]" started-at="2021-05-27T21:33:43 IST" name="enterService" finished-at="2021-05-27T21:33:44 IST" duration-ms="1033" status="PASS">
          <reporter-output>
          </reporter-output>
        </test-method> <!-- enterService -->
        <test-method signature="clickSearchButton()[pri:5, instance:com.testScenarios.CarWashServices@48e4374]" started-at="2021-05-27T21:33:44 IST" name="clickSearchButton" finished-at="2021-05-27T21:33:49 IST" duration-ms="5504" status="PASS">
          <reporter-output>
          </reporter-output>
        </test-method> <!-- clickSearchButton -->
        <test-method signature="verifyCarWashingTitle()[pri:6, instance:com.testScenarios.CarWashServices@48e4374]" started-at="2021-05-27T21:33:49 IST" name="verifyCarWashingTitle" finished-at="2021-05-27T21:33:51 IST" duration-ms="1665" status="PASS">
          <reporter-output>
          </reporter-output>
        </test-method> <!-- verifyCarWashingTitle -->
        <test-method signature="getSearchResults()[pri:7, instance:com.testScenarios.CarWashServices@48e4374]" started-at="2021-05-27T21:33:51 IST" name="getSearchResults" finished-at="2021-05-27T21:34:20 IST" duration-ms="29267" status="PASS">
          <reporter-output>
          </reporter-output>
        </test-method> <!-- getSearchResults -->
        <test-method signature="returnToHomePage()[pri:8, instance:com.testScenarios.CarWashServices@48e4374]" started-at="2021-05-27T21:34:20 IST" name="returnToHomePage" finished-at="2021-05-27T21:34:24 IST" duration-ms="3551" status="PASS">
          <reporter-output>
          </reporter-output>
        </test-method> <!-- returnToHomePage -->
        <test-method is-config="true" signature="tearDown()[pri:0, instance:com.testScenarios.CarWashServices@48e4374]" started-at="2021-05-27T21:34:24 IST" name="tearDown" finished-at="2021-05-27T21:34:26 IST" duration-ms="1674" status="PASS">
          <reporter-output>
          </reporter-output>
        </test-method> <!-- tearDown -->
      </class> <!-- com.testScenarios.CarWashServices -->
    </test> <!-- Test2Chrome -->
    <test started-at="2021-05-27T21:34:26 IST" name="Test3Chrome" finished-at="2021-05-27T21:34:54 IST" duration-ms="28506">
      <class name="com.testScenarios.FreeListing">
        <test-method is-config="true" signature="driverConfig()[pri:0, instance:com.testScenarios.FreeListing@3c130745]" started-at="2021-05-27T21:34:26 IST" name="driverConfig" finished-at="2021-05-27T21:34:42 IST" duration-ms="16443" status="PASS">
          <reporter-output>
          </reporter-output>
        </test-method> <!-- driverConfig -->
        <test-method signature="clickFreeListingLink()[pri:0, instance:com.testScenarios.FreeListing@3c130745]" started-at="2021-05-27T21:34:42 IST" name="clickFreeListingLink" finished-at="2021-05-27T21:34:46 IST" duration-ms="3625" status="PASS">
          <reporter-output>
          </reporter-output>
        </test-method> <!-- clickFreeListingLink -->
        <test-method signature="fillFormValues()[pri:1, instance:com.testScenarios.FreeListing@3c130745]" started-at="2021-05-27T21:34:46 IST" name="fillFormValues" finished-at="2021-05-27T21:34:49 IST" duration-ms="3163" status="PASS">
          <reporter-output>
          </reporter-output>
        </test-method> <!-- fillFormValues -->
        <test-method signature="submitForm()[pri:2, instance:com.testScenarios.FreeListing@3c130745]" started-at="2021-05-27T21:34:49 IST" name="submitForm" finished-at="2021-05-27T21:34:53 IST" duration-ms="3879" status="PASS">
          <reporter-output>
          </reporter-output>
        </test-method> <!-- submitForm -->
        <test-method is-config="true" signature="tearDown()[pri:0, instance:com.testScenarios.FreeListing@3c130745]" started-at="2021-05-27T21:34:53 IST" name="tearDown" finished-at="2021-05-27T21:34:54 IST" duration-ms="1392" status="PASS">
          <reporter-output>
          </reporter-output>
        </test-method> <!-- tearDown -->
      </class> <!-- com.testScenarios.FreeListing -->
    </test> <!-- Test3Chrome -->
    <test started-at="2021-05-27T21:34:54 IST" name="Test4Chrome" finished-at="2021-05-27T21:35:24 IST" duration-ms="29646">
      <class name="com.testScenarios.GymSubMenuItems">
        <test-method is-config="true" signature="driverConfig()[pri:0, instance:com.testScenarios.GymSubMenuItems@72a7c7e0]" started-at="2021-05-27T21:34:54 IST" name="driverConfig" finished-at="2021-05-27T21:35:10 IST" duration-ms="15740" status="PASS">
          <reporter-output>
          </reporter-output>
        </test-method> <!-- driverConfig -->
        <test-method signature="clickFitnessLink()[pri:0, instance:com.testScenarios.GymSubMenuItems@72a7c7e0]" started-at="2021-05-27T21:35:10 IST" name="clickFitnessLink" finished-at="2021-05-27T21:35:13 IST" duration-ms="3405" status="PASS">
          <reporter-output>
          </reporter-output>
        </test-method> <!-- clickFitnessLink -->
        <test-method signature="clickGymLink()[pri:1, instance:com.testScenarios.GymSubMenuItems@72a7c7e0]" started-at="2021-05-27T21:35:13 IST" name="clickGymLink" finished-at="2021-05-27T21:35:16 IST" duration-ms="2591" status="PASS">
          <reporter-output>
          </reporter-output>
        </test-method> <!-- clickGymLink -->
        <test-method signature="subItems()[pri:2, instance:com.testScenarios.GymSubMenuItems@72a7c7e0]" started-at="2021-05-27T21:35:16 IST" name="subItems" finished-at="2021-05-27T21:35:18 IST" duration-ms="1766" status="PASS">
          <reporter-output>
          </reporter-output>
        </test-method> <!-- subItems -->
        <test-method signature="backToHome()[pri:3, instance:com.testScenarios.GymSubMenuItems@72a7c7e0]" started-at="2021-05-27T21:35:18 IST" name="backToHome" finished-at="2021-05-27T21:35:22 IST" duration-ms="4518" status="PASS">
          <reporter-output>
          </reporter-output>
        </test-method> <!-- backToHome -->
        <test-method is-config="true" signature="tearDown()[pri:0, instance:com.testScenarios.GymSubMenuItems@72a7c7e0]" started-at="2021-05-27T21:35:22 IST" name="tearDown" finished-at="2021-05-27T21:35:24 IST" duration-ms="1609" status="PASS">
          <reporter-output>
          </reporter-output>
        </test-method> <!-- tearDown -->
      </class> <!-- com.testScenarios.GymSubMenuItems -->
    </test> <!-- Test4Chrome -->
  </suite> <!-- Suite -->
</testng-results>
