<?xml version="1.0" encoding="UTF-8"?>
<testsuite xmlns:xsi="http://www.w3.org/2001/XMLSchema-instance" xsi:noNamespaceSchemaLocation="https://maven.apache.org/surefire/maven-surefire-plugin/xsd/surefire-test-report-3.0.xsd" version="3.0" name="TestSuite" time="161.276" tests="20" errors="0" skipped="0" failures="0">
  <properties>
[...]
</properties>
  <testcase name="verifyHomeTitle" classname="com.testScenarios.BasicFunctionalityTest" time="0.653">
    <system-err><![CDATA[Starting ChromeDriver 90.0.4430.24 (4c6d850f087da467d926e8eddb76550aed655991-refs/branch-heads/4430@{#429}) on port 43267
Only local connections are allowed.
Please see https://chromedriver.chromium.org/security-considerations for suggestions on keeping ChromeDriver safe.
ChromeDriver was started successfully.
May 27, 2021 9:32:49 PM org.openqa.selenium.remote.ProtocolHandshake createSession
INFO: Detected dialect: W3C
]]></system-err>
  </testcase>
  <testcase name="navigateToFreeListing" classname="com.testScenarios.BasicFunctionalityTest" time="6.141">
    <system-out><![CDATA[Successfully navigated to Free Listing page
]]></system-out>
  </testcase>
  <testcase name="navigateToCustomerCare" classname="com.testScenarios.BasicFunctionalityTest" time="6.427">
    <system-out><![CDATA[Successfully navigated to JD Customer care page
]]></system-out>
  </testcase>
  <testcase name="navigateToSocial" classname="com.testScenarios.BasicFunctionalityTest" time="7.046">
    <system-out><![CDATA[Successfully navigated to JD Social page
]]></system-out>
  </testcase>
  <testcase name="verifyHomeTitle" classname="com.testScenarios.CarWashServices" time="0.461">
    <system-err><![CDATA[Starting ChromeDriver 90.0.4430.24 (4c6d850f087da467d926e8eddb76550aed655991-refs/branch-heads/4430@{#429}) on port 15329
Only local connections are allowed.
Please see https://chromedriver.chromium.org/security-considerations for suggestions on keeping ChromeDriver safe.
ChromeDriver was started successfully.
May 27, 2021 9:33:29 PM org.openqa.selenium.remote.ProtocolHandshake createSession
INFO: Detected dialect: W3C
]]></system-err>
  </testcase>
  <testcase name="clickLocationButton" classname="com.testScenarios.CarWashServices" time="0.238"/>
  <testcase name="chooseLocation" classname="com.testScenarios.CarWashServices" time="0.931"/>
  <testcase name="clickSearchTextBox" classname="com.testScenarios.CarWashServices" time="0.566"/>
  <testcase name="enterService" classname="com.testScenarios.CarWashServices" time="1.032"/>
  <testcase name="clickSearchButton" classname="com.testScenarios.CarWashServices" time="5.505"/>
  <testcase name="verifyCarWashingTitle" classname="com.testScenarios.CarWashServices" time="1.68">
    <system-out><![CDATA[Top 100 Car Washing Services in Kolkata - Best Car Cleaning Services - Justdial
]]></system-out>
  </testcase>
  <testcase name="getSearchResults" classname="com.testScenarios.CarWashServices" time="29.287">
    <system-out><![CDATA[Clean N Shine     07947405726
Fast Car Solutions     07947070169
Shine Car Polish     07947405119
Zenith Auto     +(91)-033-5708932
Mondals Udyog     07947408682
]]></system-out>
  </testcase>
  <testcase name="returnToHomePage" classname="com.testScenarios.CarWashServices" time="3.521"/>
  <testcase name="clickFreeListingLink" classname="com.testScenarios.FreeListing" time="3.559">
    <system-err><![CDATA[Starting ChromeDriver 90.0.4430.24 (4c6d850f087da467d926e8eddb76550aed655991-refs/branch-heads/4430@{#429}) on port 27740
Only local connections are allowed.
Please see https://chromedriver.chromium.org/security-considerations for suggestions on keeping ChromeDriver safe.
ChromeDriver was started successfully.
May 27, 2021 9:34:28 PM org.openqa.selenium.remote.ProtocolHandshake createSession
INFO: Detected dialect: W3C
]]></system-err>
  </testcase>
  <testcase name="fillFormValues" classname="com.testScenarios.FreeListing" time="3.157"/>
  <testcase name="submitForm" classname="com.testScenarios.FreeListing" time="3.985">
    <system-out><![CDATA[The error message is: Mobile can start with 6,7,8 or 9 only
JSON file created: {"The error message is: ":"Mobile can start with 6,7,8 or 9 only"}
]]></system-out>
  </testcase>
  <testcase name="clickFitnessLink" classname="com.testScenarios.GymSubMenuItems" time="3.352">
    <system-err><![CDATA[Starting ChromeDriver 90.0.4430.24 (4c6d850f087da467d926e8eddb76550aed655991-refs/branch-heads/4430@{#429}) on port 30605
Only local connections are allowed.
Please see https://chromedriver.chromium.org/security-considerations for suggestions on keeping ChromeDriver safe.
ChromeDriver was started successfully.
May 27, 2021 9:34:56 PM org.openqa.selenium.remote.ProtocolHandshake createSession
INFO: Detected dialect: W3C
]]></system-err>
  </testcase>
  <testcase name="clickGymLink" classname="com.testScenarios.GymSubMenuItems" time="2.589"/>
  <testcase name="subItems" classname="com.testScenarios.GymSubMenuItems" time="1.794">
    <system-out><![CDATA[All Options
24 Hours Gyms
Calisthenic Gyms
Children Gyms
Luxury Gyms
Men Gyms
Unisex Gyms
Women Gyms
]]></system-out>
  </testcase>
  <testcase name="backToHome" classname="com.testScenarios.GymSubMenuItems" time="4.49"/>
</testsuite>