<?xml version="1.0" encoding="UTF-8"?>
<!-- Generated by org.testng.reporters.JUnitXMLReporter -->
<testsuite ignored="11" hostname="DESKTOP-QE3CFHF" failures="0" tests="9" name="SmokeTest2" time="181.849" errors="0" timestamp="08 May 2021 15:52:40 GMT">
  <testcase classname="com.testScenarios.BasicFunctionalityTest" name="verifyHomeTitle" time="0.802"/>
  <testcase classname="com.testScenarios.GymSubMenuItems" name="clickFitnessLink" time="16.409"/>
  <testcase classname="com.testScenarios.CarWashServices" name="verifyHomeTitle" time="0.372"/>
  <testcase classname="com.testScenarios.BasicFunctionalityTest" name="navigateToFreeListing" time="11.955"/>
  <testcase classname="com.testScenarios.GymSubMenuItems" name="clickGymLink" time="3.6"/>
  <testcase classname="com.testScenarios.BasicFunctionalityTest" name="navigateToCustomerCare" time="4.239"/>
  <testcase classname="com.testScenarios.BasicFunctionalityTest" name="navigateToSocial" time="3.915"/>
  <testcase classname="com.testScenarios.GymSubMenuItems" name="backToHome" time="3.514"/>
  <testcase classname="com.testScenarios.CarWashServices" name="returnToHomePage" time="0.197"/>
  <testcase classname="com.testScenarios.CarWashServices" name="verifyCarWashingTitle" time="0.0">
    <ignored/>
  </testcase> <!-- verifyCarWashingTitle -->
  <testcase classname="com.testScenarios.GymSubMenuItems" name="subItems" time="0.0">
    <ignored/>
  </testcase> <!-- subItems -->
  <testcase classname="com.testScenarios.CarWashServices" name="clickLocationButton" time="0.0">
    <ignored/>
  </testcase> <!-- clickLocationButton -->
  <testcase classname="com.testScenarios.CarWashServices" name="getSearchResults" time="0.0">
    <ignored/>
  </testcase> <!-- getSearchResults -->
  <testcase classname="com.testScenarios.CarWashServices" name="clickSearchTextBox" time="0.0">
    <ignored/>
  </testcase> <!-- clickSearchTextBox -->
  <testcase classname="com.testScenarios.CarWashServices" name="clickSearchButton" time="0.0">
    <ignored/>
  </testcase> <!-- clickSearchButton -->
  <testcase classname="com.testScenarios.CarWashServices" name="enterService" time="0.0">
    <ignored/>
  </testcase> <!-- enterService -->
  <testcase classname="com.testScenarios.FreeListing" name="submitForm" time="0.0">
    <ignored/>
  </testcase> <!-- submitForm -->
  <testcase classname="com.testScenarios.CarWashServices" name="chooseLocation" time="0.0">
    <ignored/>
  </testcase> <!-- chooseLocation -->
  <testcase classname="com.testScenarios.FreeListing" name="clickFreeListingLink" time="0.0">
    <ignored/>
  </testcase> <!-- clickFreeListingLink -->
  <testcase classname="com.testScenarios.FreeListing" name="fillFormValues" time="0.0">
    <ignored/>
  </testcase> <!-- fillFormValues -->
</testsuite> <!-- SmokeTest2 -->
