<?xml version="1.0" encoding="UTF-8"?>
<testng-results ignored="0" total="2" passed="2" failed="0" skipped="0">
  <reporter-output>
  </reporter-output>
  <suite started-at="2022-10-26T21:54:28 IST" name="Default suite" finished-at="2022-10-26T21:54:54 IST" duration-ms="25512">
    <groups>
    </groups>
    <test started-at="2022-10-26T21:54:28 IST" name="Default test" finished-at="2022-10-26T21:54:54 IST" duration-ms="25512">
      <class name="com.testScenarios.BasicFunctionalityTest">
        <test-method is-config="true" signature="driverConfig()[pri:0, instance:com.testScenarios.BasicFunctionalityTest@66d3eec0]" started-at="2022-10-26T21:54:28 IST" name="driverConfig" finished-at="2022-10-26T21:54:51 IST" duration-ms="22536" status="PASS">
          <reporter-output>
          </reporter-output>
        </test-method> <!-- driverConfig -->
        <test-method signature="verifyHomeTitle()[pri:0, instance:com.testScenarios.BasicFunctionalityTest@66d3eec0]" started-at="2022-10-26T21:54:51 IST" name="verifyHomeTitle" finished-at="2022-10-26T21:54:51 IST" duration-ms="348" status="PASS">
          <reporter-output>
          </reporter-output>
        </test-method> <!-- verifyHomeTitle -->
        <test-method signature="navigateToFreeListing()[pri:1, instance:com.testScenarios.BasicFunctionalityTest@66d3eec0]" started-at="2022-10-26T21:54:51 IST" name="navigateToFreeListing" finished-at="2022-10-26T21:54:53 IST" duration-ms="1647" status="PASS">
          <reporter-output>
          </reporter-output>
        </test-method> <!-- navigateToFreeListing -->
        <test-method is-config="true" signature="tearDown()[pri:0, instance:com.testScenarios.BasicFunctionalityTest@66d3eec0]" started-at="2022-10-26T21:54:53 IST" name="tearDown" finished-at="2022-10-26T21:54:54 IST" duration-ms="917" status="PASS">
          <reporter-output>
          </reporter-output>
        </test-method> <!-- tearDown -->
      </class> <!-- com.testScenarios.BasicFunctionalityTest -->
    </test> <!-- Default test -->
  </suite> <!-- Default suite -->
</testng-results>
